<!DOCTYPE html PUBLIC "-//W3C//DTD XHTML 1.1//EN" "https://www.w3.org/TR/xhtml11/DTD/xhtml11.dtd">
<html xmlns="https://www.w3.org/1999/xhtml">
<head>
<meta http-equiv="content-type" content="text/html; charset=UTF-8"/>
<title>TestNG Report</title>
<style type="text/css">table {margin-bottom:10px;border-collapse:collapse;empty-cells:show}th,td {border:1px solid #009;padding:.25em .5em}th {vertical-align:bottom}td {vertical-align:top}table a {font-weight:bold}.stripe td {background-color: #E6EBF9}.num {text-align:right}.passedodd td {background-color: #3F3}.passedeven td {background-color: #0A0}.skippedodd td {background-color: #DDD}.skippedeven td {background-color: #CCC}.failedodd td,.attn {background-color: #F33}.failedeven td,.stripe .attn {background-color: #D00}.stacktrace {white-space:pre;font-family:monospace}.totop {font-size:85%;text-align:center;border-bottom:2px solid #000}.invisible {display:none}</style>
</head>
<body>
<table>
<tr><th>Test</th><th># Passed</th><th># Skipped</th><th># Retried</th><th># Failed</th><th>Time (ms)</th><th>Included Groups</th><th>Excluded Groups</th></tr>
<tr><th colspan="8">Suite</th></tr>
<tr><td><a href="#t0">Test</a></td><td class="num">15</td><td class="num">0</td><td class="num">0</td><td class="num attn">6</td><td class="num">163,763</td><td></td><td></td></tr>
</table>
<table id='summary'><thead><tr><th>Class</th><th>Method</th><th>Start</th><th>Time (ms)</th></tr></thead><tbody><tr><th colspan="4">Suite</th></tr></tbody><tbody id="t0"><tr><th colspan="4">Test &#8212; failed</th></tr><tr class="failedeven"><td rowspan="6">Al_Fardan.Assingment.ClientTest</td><td><a href="#m0">editDuplicateClient</a></td><td rowspan="1">1697968904860</td><td rowspan="1">12763</td></tr><tr class="failedeven"><td><a href="#m1">testAddDuplicateClient</a></td><td rowspan="1">1697968927182</td><td rowspan="1">12854</td></tr><tr class="failedeven"><td><a href="#m2">testEditClientWithLongFields</a></td><td rowspan="1">1697968940038</td><td rowspan="1">12899</td></tr><tr class="failedeven"><td><a href="#m3">testEditClientWithSpecialCharacters</a></td><td rowspan="1">1697968952938</td><td rowspan="1">13665</td></tr><tr class="failedeven"><td><a href="#m4">testLongFields</a></td><td rowspan="1">1697968966605</td><td rowspan="1">11157</td></tr><tr class="failedeven"><td><a href="#m5">validInfo</a></td><td rowspan="1">1697968980199</td><td rowspan="1">13006</td></tr><tr><th colspan="4">Test &#8212; passed</th></tr><tr class="passedeven"><td rowspan="4">Al_Fardan.Assingment.ClientTest</td><td><a href="#m6">editClient</a></td><td rowspan="1">1697968898874</td><td rowspan="1">5983</td></tr><tr class="passedeven"><td><a href="#m7">mandatoryInfo</a></td><td rowspan="1">1697968917631</td><td rowspan="1">8274</td></tr><tr class="passedeven"><td><a href="#m8">testAddClientWithEmptyFields</a></td><td rowspan="1">1697968925907</td><td rowspan="1">1273</td></tr><tr class="passedeven"><td><a href="#m9">testSpecialCharacters</a></td><td rowspan="1">1697968977764</td><td rowspan="1">2434</td></tr><tr class="passedodd"><td rowspan="11">Al_Fardan.Assingment.LoginTest</td><td><a href="#m10">testInvalidLogin</a></td><td rowspan="6">1697969010723</td><td rowspan="6">1144</td></tr><tr class="passedodd"><td><a href="#m11">testInvalidLogin</a></td></tr><tr class="passedodd"><td><a href="#m12">testInvalidLogin</a></td></tr><tr class="passedodd"><td><a href="#m13">testInvalidLogin</a></td></tr><tr class="passedodd"><td><a href="#m14">testInvalidLogin</a></td></tr><tr class="passedodd"><td><a href="#m15">testInvalidLogin</a></td></tr><tr class="passedodd"><td><a href="#m16">testValidLogin</a></td><td rowspan="5">1697969028563</td><td rowspan="5">9359</td></tr><tr class="passedodd"><td><a href="#m17">testValidLogin</a></td></tr><tr class="passedodd"><td><a href="#m18">testValidLogin</a></td></tr><tr class="passedodd"><td><a href="#m19">testValidLogin</a></td></tr><tr class="passedodd"><td><a href="#m20">testValidLogin</a></td></tr></tbody>
</table>
<h2>Test</h2><h3 id="m0">Al_Fardan.Assingment.ClientTest#editDuplicateClient</h3><table class="result"><tr><th>Exception</th></tr><tr><td><div class="stacktrace">org.openqa.selenium.NoSuchElementException: no such element: Unable to locate element: {&quot;method&quot;:&quot;css selector&quot;,&quot;selector&quot;:&quot;span.text-danger&quot;}
  (Session info: chrome=118.0.5993.89)
For documentation on this error, please visit: https://www.selenium.dev/documentation/webdriver/troubleshooting/errors#no-such-element-exception
Build info: version: &apos;4.14.1&apos;, revision: &apos;03f8ede370&apos;
System info: os.name: &apos;Windows 11&apos;, os.arch: &apos;amd64&apos;, os.version: &apos;10.0&apos;, java.version: &apos;17.0.2&apos;
Driver info: org.openqa.selenium.chrome.ChromeDriver
Command: [2ad72a85da4086f3d1895ff681a62cec, findElement {using=css selector, value=span.text-danger}]
Capabilities {acceptInsecureCerts: false, browserName: chrome, browserVersion: 118.0.5993.89, chrome: {chromedriverVersion: 118.0.5993.70 (e52f33f30b91..., userDataDir: C:\Users\ANMOLK~1\AppData\L...}, fedcm:accounts: true, goog:chromeOptions: {debuggerAddress: localhost:1972}, networkConnectionEnabled: false, pageLoadStrategy: normal, platformName: windows, proxy: Proxy(), se:cdp: ws://localhost:1972/devtool..., se:cdpVersion: 118.0.5993.89, setWindowRect: true, strictFileInteractability: false, timeouts: {implicit: 0, pageLoad: 300000, script: 30000}, unhandledPromptBehavior: dismiss and notify, webauthn:extension:credBlob: true, webauthn:extension:largeBlob: true, webauthn:extension:minPinLength: true, webauthn:extension:prf: true, webauthn:virtualAuthenticators: true}
Session ID: 2ad72a85da4086f3d1895ff681a62cec
	at org.openqa.selenium.remote.codec.w3c.W3CHttpResponseCodec.createException(W3CHttpResponseCodec.java:200)
	at org.openqa.selenium.remote.codec.w3c.W3CHttpResponseCodec.decode(W3CHttpResponseCodec.java:133)
	at org.openqa.selenium.remote.codec.w3c.W3CHttpResponseCodec.decode(W3CHttpResponseCodec.java:52)
	at org.openqa.selenium.remote.HttpCommandExecutor.execute(HttpCommandExecutor.java:191)
	at org.openqa.selenium.remote.service.DriverCommandExecutor.invokeExecute(DriverCommandExecutor.java:200)
	at org.openqa.selenium.remote.service.DriverCommandExecutor.execute(DriverCommandExecutor.java:175)
	at org.openqa.selenium.remote.RemoteWebDriver.execute(RemoteWebDriver.java:602)
	at org.openqa.selenium.remote.ElementLocation$ElementFinder$2.findElement(ElementLocation.java:165)
	at org.openqa.selenium.remote.ElementLocation.findElement(ElementLocation.java:59)
	at org.openqa.selenium.remote.RemoteWebDriver.findElement(RemoteWebDriver.java:359)
	at org.openqa.selenium.remote.RemoteWebDriver.findElement(RemoteWebDriver.java:353)
	at org.openqa.selenium.support.pagefactory.DefaultElementLocator.findElement(DefaultElementLocator.java:68)
	at org.openqa.selenium.support.pagefactory.internal.LocatingElementHandler.invoke(LocatingElementHandler.java:38)
	at jdk.proxy2/jdk.proxy2.$Proxy13.getText(Unknown Source)
	at Al_Fardan.Assingment.ClientPage.errorMessage(ClientPage.java:118)
	at Al_Fardan.Assingment.ClientTest.editDuplicateClient(ClientTest.java:134)
	at java.base/java.util.ArrayList.forEach(ArrayList.java:1511)
... Removed 32 stack frames</div></td></tr></table><p class="totop"><a href="#summary">back to summary</a></p>
<h3 id="m1">Al_Fardan.Assingment.ClientTest#testAddDuplicateClient</h3><table class="result"><tr class="param"><th>Parameter #1</th></tr><tr class="param stripe"><td>{TRN=166956, Company=ropandom Company, Email=onlmmail1@gmail.com, Address=1235 Maine St Dubai, First Name=fpo Name, Country= , City=UAE12, ZIP Code=125246, Last Name=lipa Name, Mobile=5762537895}</td></tr><tr><th>Exception</th></tr><tr><td><div class="stacktrace">org.openqa.selenium.NoSuchElementException: no such element: Unable to locate element: {&quot;method&quot;:&quot;css selector&quot;,&quot;selector&quot;:&quot;span.text-danger&quot;}
  (Session info: chrome=118.0.5993.89)
For documentation on this error, please visit: https://www.selenium.dev/documentation/webdriver/troubleshooting/errors#no-such-element-exception
Build info: version: &apos;4.14.1&apos;, revision: &apos;03f8ede370&apos;
System info: os.name: &apos;Windows 11&apos;, os.arch: &apos;amd64&apos;, os.version: &apos;10.0&apos;, java.version: &apos;17.0.2&apos;
Driver info: org.openqa.selenium.chrome.ChromeDriver
Command: [2ad72a85da4086f3d1895ff681a62cec, findElement {using=css selector, value=span.text-danger}]
Capabilities {acceptInsecureCerts: false, browserName: chrome, browserVersion: 118.0.5993.89, chrome: {chromedriverVersion: 118.0.5993.70 (e52f33f30b91..., userDataDir: C:\Users\ANMOLK~1\AppData\L...}, fedcm:accounts: true, goog:chromeOptions: {debuggerAddress: localhost:1972}, networkConnectionEnabled: false, pageLoadStrategy: normal, platformName: windows, proxy: Proxy(), se:cdp: ws://localhost:1972/devtool..., se:cdpVersion: 118.0.5993.89, setWindowRect: true, strictFileInteractability: false, timeouts: {implicit: 0, pageLoad: 300000, script: 30000}, unhandledPromptBehavior: dismiss and notify, webauthn:extension:credBlob: true, webauthn:extension:largeBlob: true, webauthn:extension:minPinLength: true, webauthn:extension:prf: true, webauthn:virtualAuthenticators: true}
Session ID: 2ad72a85da4086f3d1895ff681a62cec
	at org.openqa.selenium.remote.codec.w3c.W3CHttpResponseCodec.createException(W3CHttpResponseCodec.java:200)
	at org.openqa.selenium.remote.codec.w3c.W3CHttpResponseCodec.decode(W3CHttpResponseCodec.java:133)
	at org.openqa.selenium.remote.codec.w3c.W3CHttpResponseCodec.decode(W3CHttpResponseCodec.java:52)
	at org.openqa.selenium.remote.HttpCommandExecutor.execute(HttpCommandExecutor.java:191)
	at org.openqa.selenium.remote.service.DriverCommandExecutor.invokeExecute(DriverCommandExecutor.java:200)
	at org.openqa.selenium.remote.service.DriverCommandExecutor.execute(DriverCommandExecutor.java:175)
	at org.openqa.selenium.remote.RemoteWebDriver.execute(RemoteWebDriver.java:602)
	at org.openqa.selenium.remote.ElementLocation$ElementFinder$2.findElement(ElementLocation.java:165)
	at org.openqa.selenium.remote.ElementLocation.findElement(ElementLocation.java:59)
	at org.openqa.selenium.remote.RemoteWebDriver.findElement(RemoteWebDriver.java:359)
	at org.openqa.selenium.remote.RemoteWebDriver.findElement(RemoteWebDriver.java:353)
	at org.openqa.selenium.support.pagefactory.DefaultElementLocator.findElement(DefaultElementLocator.java:68)
	at org.openqa.selenium.support.pagefactory.internal.LocatingElementHandler.invoke(LocatingElementHandler.java:38)
	at jdk.proxy2/jdk.proxy2.$Proxy13.getText(Unknown Source)
	at Al_Fardan.Assingment.ClientPage.errorMessage(ClientPage.java:118)
	at Al_Fardan.Assingment.ClientTest.testAddDuplicateClient(ClientTest.java:82)
	at java.base/java.util.ArrayList.forEach(ArrayList.java:1511)
... Removed 32 stack frames</div></td></tr></table><p class="totop"><a href="#summary">back to summary</a></p>
<h3 id="m2">Al_Fardan.Assingment.ClientTest#testEditClientWithLongFields</h3><table class="result"><tr><th>Exception</th></tr><tr><td><div class="stacktrace">org.openqa.selenium.NoSuchElementException: no such element: Unable to locate element: {&quot;method&quot;:&quot;css selector&quot;,&quot;selector&quot;:&quot;span.text-danger&quot;}
  (Session info: chrome=118.0.5993.89)
For documentation on this error, please visit: https://www.selenium.dev/documentation/webdriver/troubleshooting/errors#no-such-element-exception
Build info: version: &apos;4.14.1&apos;, revision: &apos;03f8ede370&apos;
System info: os.name: &apos;Windows 11&apos;, os.arch: &apos;amd64&apos;, os.version: &apos;10.0&apos;, java.version: &apos;17.0.2&apos;
Driver info: org.openqa.selenium.chrome.ChromeDriver
Command: [2ad72a85da4086f3d1895ff681a62cec, findElement {using=css selector, value=span.text-danger}]
Capabilities {acceptInsecureCerts: false, browserName: chrome, browserVersion: 118.0.5993.89, chrome: {chromedriverVersion: 118.0.5993.70 (e52f33f30b91..., userDataDir: C:\Users\ANMOLK~1\AppData\L...}, fedcm:accounts: true, goog:chromeOptions: {debuggerAddress: localhost:1972}, networkConnectionEnabled: false, pageLoadStrategy: normal, platformName: windows, proxy: Proxy(), se:cdp: ws://localhost:1972/devtool..., se:cdpVersion: 118.0.5993.89, setWindowRect: true, strictFileInteractability: false, timeouts: {implicit: 0, pageLoad: 300000, script: 30000}, unhandledPromptBehavior: dismiss and notify, webauthn:extension:credBlob: true, webauthn:extension:largeBlob: true, webauthn:extension:minPinLength: true, webauthn:extension:prf: true, webauthn:virtualAuthenticators: true}
Session ID: 2ad72a85da4086f3d1895ff681a62cec
	at org.openqa.selenium.remote.codec.w3c.W3CHttpResponseCodec.createException(W3CHttpResponseCodec.java:200)
	at org.openqa.selenium.remote.codec.w3c.W3CHttpResponseCodec.decode(W3CHttpResponseCodec.java:133)
	at org.openqa.selenium.remote.codec.w3c.W3CHttpResponseCodec.decode(W3CHttpResponseCodec.java:52)
	at org.openqa.selenium.remote.HttpCommandExecutor.execute(HttpCommandExecutor.java:191)
	at org.openqa.selenium.remote.service.DriverCommandExecutor.invokeExecute(DriverCommandExecutor.java:200)
	at org.openqa.selenium.remote.service.DriverCommandExecutor.execute(DriverCommandExecutor.java:175)
	at org.openqa.selenium.remote.RemoteWebDriver.execute(RemoteWebDriver.java:602)
	at org.openqa.selenium.remote.ElementLocation$ElementFinder$2.findElement(ElementLocation.java:165)
	at org.openqa.selenium.remote.ElementLocation.findElement(ElementLocation.java:59)
	at org.openqa.selenium.remote.RemoteWebDriver.findElement(RemoteWebDriver.java:359)
	at org.openqa.selenium.remote.RemoteWebDriver.findElement(RemoteWebDriver.java:353)
	at org.openqa.selenium.support.pagefactory.DefaultElementLocator.findElement(DefaultElementLocator.java:68)
	at org.openqa.selenium.support.pagefactory.internal.LocatingElementHandler.invoke(LocatingElementHandler.java:38)
	at jdk.proxy2/jdk.proxy2.$Proxy13.isDisplayed(Unknown Source)
	at Al_Fardan.Assingment.ClientTest.testEditClientWithLongFields(ClientTest.java:158)
	at java.base/java.util.ArrayList.forEach(ArrayList.java:1511)
... Removed 32 stack frames</div></td></tr></table><p class="totop"><a href="#summary">back to summary</a></p>
<h3 id="m3">Al_Fardan.Assingment.ClientTest#testEditClientWithSpecialCharacters</h3><table class="result"><tr><th>Exception</th></tr><tr><td><div class="stacktrace">org.openqa.selenium.NoSuchElementException: no such element: Unable to locate element: {&quot;method&quot;:&quot;css selector&quot;,&quot;selector&quot;:&quot;span.text-danger&quot;}
  (Session info: chrome=118.0.5993.89)
For documentation on this error, please visit: https://www.selenium.dev/documentation/webdriver/troubleshooting/errors#no-such-element-exception
Build info: version: &apos;4.14.1&apos;, revision: &apos;03f8ede370&apos;
System info: os.name: &apos;Windows 11&apos;, os.arch: &apos;amd64&apos;, os.version: &apos;10.0&apos;, java.version: &apos;17.0.2&apos;
Driver info: org.openqa.selenium.chrome.ChromeDriver
Command: [2ad72a85da4086f3d1895ff681a62cec, findElement {using=css selector, value=span.text-danger}]
Capabilities {acceptInsecureCerts: false, browserName: chrome, browserVersion: 118.0.5993.89, chrome: {chromedriverVersion: 118.0.5993.70 (e52f33f30b91..., userDataDir: C:\Users\ANMOLK~1\AppData\L...}, fedcm:accounts: true, goog:chromeOptions: {debuggerAddress: localhost:1972}, networkConnectionEnabled: false, pageLoadStrategy: normal, platformName: windows, proxy: Proxy(), se:cdp: ws://localhost:1972/devtool..., se:cdpVersion: 118.0.5993.89, setWindowRect: true, strictFileInteractability: false, timeouts: {implicit: 0, pageLoad: 300000, script: 30000}, unhandledPromptBehavior: dismiss and notify, webauthn:extension:credBlob: true, webauthn:extension:largeBlob: true, webauthn:extension:minPinLength: true, webauthn:extension:prf: true, webauthn:virtualAuthenticators: true}
Session ID: 2ad72a85da4086f3d1895ff681a62cec
	at org.openqa.selenium.remote.codec.w3c.W3CHttpResponseCodec.createException(W3CHttpResponseCodec.java:200)
	at org.openqa.selenium.remote.codec.w3c.W3CHttpResponseCodec.decode(W3CHttpResponseCodec.java:133)
	at org.openqa.selenium.remote.codec.w3c.W3CHttpResponseCodec.decode(W3CHttpResponseCodec.java:52)
	at org.openqa.selenium.remote.HttpCommandExecutor.execute(HttpCommandExecutor.java:191)
	at org.openqa.selenium.remote.service.DriverCommandExecutor.invokeExecute(DriverCommandExecutor.java:200)
	at org.openqa.selenium.remote.service.DriverCommandExecutor.execute(DriverCommandExecutor.java:175)
	at org.openqa.selenium.remote.RemoteWebDriver.execute(RemoteWebDriver.java:602)
	at org.openqa.selenium.remote.ElementLocation$ElementFinder$2.findElement(ElementLocation.java:165)
	at org.openqa.selenium.remote.ElementLocation.findElement(ElementLocation.java:59)
	at org.openqa.selenium.remote.RemoteWebDriver.findElement(RemoteWebDriver.java:359)
	at org.openqa.selenium.remote.RemoteWebDriver.findElement(RemoteWebDriver.java:353)
	at org.openqa.selenium.support.pagefactory.DefaultElementLocator.findElement(DefaultElementLocator.java:68)
	at org.openqa.selenium.support.pagefactory.internal.LocatingElementHandler.invoke(LocatingElementHandler.java:38)
	at jdk.proxy2/jdk.proxy2.$Proxy13.isDisplayed(Unknown Source)
	at Al_Fardan.Assingment.ClientTest.testEditClientWithSpecialCharacters(ClientTest.java:146)
	at java.base/java.util.ArrayList.forEach(ArrayList.java:1511)
... Removed 32 stack frames</div></td></tr></table><p class="totop"><a href="#summary">back to summary</a></p>
<h3 id="m4">Al_Fardan.Assingment.ClientTest#testLongFields</h3><table class="result"><tr class="param"><th>Parameter #1</th></tr><tr class="param stripe"><td>{TRN=654321, Company=some un natural long data which, Email=lorem@example.com, Address=  , First Name=consectetur adipiscing elit..., Country=  , City=  , ZIP Code=12345453115325, Last Name=should be elimineted by the computer, Mobile=1234567890}</td></tr><tr><th>Exception</th></tr><tr><td><div class="stacktrace">org.openqa.selenium.NoSuchElementException: no such element: Unable to locate element: {&quot;method&quot;:&quot;css selector&quot;,&quot;selector&quot;:&quot;#company_name&quot;}
  (Session info: chrome=118.0.5993.89)
For documentation on this error, please visit: https://www.selenium.dev/documentation/webdriver/troubleshooting/errors#no-such-element-exception
Build info: version: &apos;4.14.1&apos;, revision: &apos;03f8ede370&apos;
System info: os.name: &apos;Windows 11&apos;, os.arch: &apos;amd64&apos;, os.version: &apos;10.0&apos;, java.version: &apos;17.0.2&apos;
Driver info: org.openqa.selenium.chrome.ChromeDriver
Command: [2ad72a85da4086f3d1895ff681a62cec, findElement {using=id, value=company_name}]
Capabilities {acceptInsecureCerts: false, browserName: chrome, browserVersion: 118.0.5993.89, chrome: {chromedriverVersion: 118.0.5993.70 (e52f33f30b91..., userDataDir: C:\Users\ANMOLK~1\AppData\L...}, fedcm:accounts: true, goog:chromeOptions: {debuggerAddress: localhost:1972}, networkConnectionEnabled: false, pageLoadStrategy: normal, platformName: windows, proxy: Proxy(), se:cdp: ws://localhost:1972/devtool..., se:cdpVersion: 118.0.5993.89, setWindowRect: true, strictFileInteractability: false, timeouts: {implicit: 0, pageLoad: 300000, script: 30000}, unhandledPromptBehavior: dismiss and notify, webauthn:extension:credBlob: true, webauthn:extension:largeBlob: true, webauthn:extension:minPinLength: true, webauthn:extension:prf: true, webauthn:virtualAuthenticators: true}
Session ID: 2ad72a85da4086f3d1895ff681a62cec
	at org.openqa.selenium.remote.codec.w3c.W3CHttpResponseCodec.createException(W3CHttpResponseCodec.java:200)
	at org.openqa.selenium.remote.codec.w3c.W3CHttpResponseCodec.decode(W3CHttpResponseCodec.java:133)
	at org.openqa.selenium.remote.codec.w3c.W3CHttpResponseCodec.decode(W3CHttpResponseCodec.java:52)
	at org.openqa.selenium.remote.HttpCommandExecutor.execute(HttpCommandExecutor.java:191)
	at org.openqa.selenium.remote.service.DriverCommandExecutor.invokeExecute(DriverCommandExecutor.java:200)
	at org.openqa.selenium.remote.service.DriverCommandExecutor.execute(DriverCommandExecutor.java:175)
	at org.openqa.selenium.remote.RemoteWebDriver.execute(RemoteWebDriver.java:602)
	at org.openqa.selenium.remote.ElementLocation$ElementFinder$2.findElement(ElementLocation.java:165)
	at org.openqa.selenium.remote.ElementLocation.findElement(ElementLocation.java:59)
	at org.openqa.selenium.remote.RemoteWebDriver.findElement(RemoteWebDriver.java:359)
	at org.openqa.selenium.remote.RemoteWebDriver.findElement(RemoteWebDriver.java:353)
	at org.openqa.selenium.support.pagefactory.DefaultElementLocator.findElement(DefaultElementLocator.java:68)
	at org.openqa.selenium.support.pagefactory.internal.LocatingElementHandler.invoke(LocatingElementHandler.java:38)
	at jdk.proxy2/jdk.proxy2.$Proxy13.sendKeys(Unknown Source)
	at Al_Fardan.Assingment.ClientPage.addClient(ClientPage.java:87)
	at Al_Fardan.Assingment.ClientTest.testLongFields(ClientTest.java:96)
	at java.base/java.util.ArrayList.forEach(ArrayList.java:1511)
... Removed 32 stack frames</div></td></tr></table><p class="totop"><a href="#summary">back to summary</a></p>
<h3 id="m5">Al_Fardan.Assingment.ClientTest#validInfo</h3><table class="result"><tr class="param"><th>Parameter #1</th></tr><tr class="param stripe"><td>{TRN=166956, Company=ropandom Company, Email=onlmmail1@gmail.com, Address=1235 Maine St Dubai, First Name=fpo Name, Country= , City=UAE12, ZIP Code=125246, Last Name=lipa Name, Mobile=5762537895}</td></tr><tr><th>Exception</th></tr><tr><td><div class="stacktrace">java.lang.AssertionError: Company name not found in the list: ropandom Company expected [true] but found [false]
	at Al_Fardan.Assingment.ClientTest.validInfo(ClientTest.java:53)
	at java.base/java.util.ArrayList.forEach(ArrayList.java:1511)
... Removed 30 stack frames</div></td></tr></table><p class="totop"><a href="#summary">back to summary</a></p>
<h3 id="m6">Al_Fardan.Assingment.ClientTest#editClient</h3><table class="result"><tr><th class="invisible"/></tr></table><p class="totop"><a href="#summary">back to summary</a></p>
<h3 id="m7">Al_Fardan.Assingment.ClientTest#mandatoryInfo</h3><table class="result"><tr class="param"><th>Parameter #1</th></tr><tr class="param stripe"><td>{TRN=754133, Company=Companyo b12, Email=mohnmapl2@gmail.com, Address= , First Name=Joohny, Country=  , City=  , ZIP Code= , Last Name= , Mobile=4676563270}</td></tr></table><p class="totop"><a href="#summary">back to summary</a></p>
<h3 id="m8">Al_Fardan.Assingment.ClientTest#testAddClientWithEmptyFields</h3><table class="result"><tr><th class="invisible"/></tr></table><p class="totop"><a href="#summary">back to summary</a></p>
<h3 id="m9">Al_Fardan.Assingment.ClientTest#testSpecialCharacters</h3><table class="result"><tr class="param"><th>Parameter #1</th></tr><tr class="param stripe"><td>{TRN=6521456, Company=@#$%&amp;@$, Email=cmail2@gmail.com, Address= , First Name=FirstName12@#, Country=  , City=  , ZIP Code= , Last Name=hfdgv ukbfk, Mobile=9874543270}</td></tr></table><p class="totop"><a href="#summary">back to summary</a></p>
<h3 id="m10">Al_Fardan.Assingment.LoginTest#testInvalidLogin</h3><table class="result"><tr class="param"><th>Parameter #1</th><th>Parameter #2</th></tr><tr class="param stripe"><td>invalidUsername1ghvkjbicjvhkjfuyv,..kjfyujhvivuvhv</td><td>Testing@123</td></tr></table><p class="totop"><a href="#summary">back to summary</a></p>
<h3 id="m11">Al_Fardan.Assingment.LoginTest#testInvalidLogin</h3><table class="result"><tr class="param"><th>Parameter #1</th><th>Parameter #2</th></tr><tr class="param stripe"><td>Automationuser</td><td>invalidPassword2</td></tr></table><p class="totop"><a href="#summary">back to summary</a></p>
<h3 id="m12">Al_Fardan.Assingment.LoginTest#testInvalidLogin</h3><table class="result"><tr class="param"><th>Parameter #1</th><th>Parameter #2</th></tr><tr class="param stripe"><td>invalidUsername1</td><td>Testing@123</td></tr></table><p class="totop"><a href="#summary">back to summary</a></p>
<h3 id="m13">Al_Fardan.Assingment.LoginTest#testInvalidLogin</h3><table class="result"><tr class="param"><th>Parameter #1</th><th>Parameter #2</th></tr><tr class="param stripe"><td>Automationuser</td><td>Testing @123</td></tr></table><p class="totop"><a href="#summary">back to summary</a></p>
<h3 id="m14">Al_Fardan.Assingment.LoginTest#testInvalidLogin</h3><table class="result"><tr class="param"><th>Parameter #1</th><th>Parameter #2</th></tr><tr class="param stripe"><td>Automationuser</td><td> Testing@123</td></tr></table><p class="totop"><a href="#summary">back to summary</a></p>
<h3 id="m15">Al_Fardan.Assingment.LoginTest#testInvalidLogin</h3><table class="result"><tr class="param"><th>Parameter #1</th><th>Parameter #2</th></tr><tr class="param stripe"><td>  </td><td>  </td></tr></table><p class="totop"><a href="#summary">back to summary</a></p>
<h3 id="m16">Al_Fardan.Assingment.LoginTest#testValidLogin</h3><table class="result"><tr class="param"><th>Parameter #1</th><th>Parameter #2</th></tr><tr class="param stripe"><td>AutomationUser</td><td>Testing@123</td></tr></table><p class="totop"><a href="#summary">back to summary</a></p>
<h3 id="m17">Al_Fardan.Assingment.LoginTest#testValidLogin</h3><table class="result"><tr class="param"><th>Parameter #1</th><th>Parameter #2</th></tr><tr class="param stripe"><td>AUTOMATIONUSER</td><td>Testing@123</td></tr></table><p class="totop"><a href="#summary">back to summary</a></p>
<h3 id="m18">Al_Fardan.Assingment.LoginTest#testValidLogin</h3><table class="result"><tr class="param"><th>Parameter #1</th><th>Parameter #2</th></tr><tr class="param stripe"><td> Automationuser  </td><td>Testing@123</td></tr></table><p class="totop"><a href="#summary">back to summary</a></p>
<h3 id="m19">Al_Fardan.Assingment.LoginTest#testValidLogin</h3><table class="result"><tr class="param"><th>Parameter #1</th><th>Parameter #2</th></tr><tr class="param stripe"><td>automationuser</td><td>Testing@123</td></tr></table><p class="totop"><a href="#summary">back to summary</a></p>
<h3 id="m20">Al_Fardan.Assingment.LoginTest#testValidLogin</h3><table class="result"><tr class="param"><th>Parameter #1</th><th>Parameter #2</th></tr><tr class="param stripe"><td>Automationuser</td><td>Testing@123</td></tr></table><p class="totop"><a href="#summary">back to summary</a></p>
</body>
</html>
